<?xml version="1.0" encoding="UTF-8"?>
<!-- Generated by org.testng.reporters.JUnitXMLReporter -->
<testsuite ignored="0" hostname="DESKTOP-GCHVIFO" failures="0" tests="3" name="Default test" time="41.704" errors="0" timestamp="03 May 2022 07:26:37 GMT">
  <testcase classname="org.test.AdactinMainclass" name="loginPage" time="11.697"/>
  <testcase classname="org.test.AdactinMainclass" name="searchHotel" time="4.217"/>
  <testcase classname="org.test.AdactinMainclass" name="serchHotel" time="4.092"/>
</testsuite> <!-- Default test -->
